d:\новая папка\оаип\vs2013\consoleapplication3\consoleapplication3\debug\vc120.pdb
d:\новая папка\оаип\vs2013\consoleapplication3\consoleapplication3\debug\vc120.idb
d:\новая папка\оаип\vs2013\consoleapplication3\consoleapplication3\debug\cancel_last_action.obj
d:\новая папка\оаип\vs2013\consoleapplication3\consoleapplication3\debug\claf.obj
d:\новая папка\оаип\vs2013\consoleapplication3\consoleapplication3\debug\data_list.obj
d:\новая папка\оаип\vs2013\consoleapplication3\consoleapplication3\debug\derived_exception.obj
d:\новая папка\оаип\vs2013\consoleapplication3\consoleapplication3\debug\main.obj
d:\новая папка\оаип\vs2013\consoleapplication3\consoleapplication3\debug\my_exception.obj
d:\новая папка\оаип\vs2013\consoleapplication3\consoleapplication3\debug\stdafx.obj
d:\новая папка\оаип\vs2013\consoleapplication3\consoleapplication3\debug\symbol.obj
d:\новая папка\оаип\vs2013\consoleapplication3\consoleapplication3\debug\tree_container.obj
d:\новая папка\оаип\vs2013\consoleapplication3\debug\consoleapplication3.ilk
d:\новая папка\оаип\vs2013\consoleapplication3\debug\consoleapplication3.exe
d:\новая папка\оаип\vs2013\consoleapplication3\debug\consoleapplication3.pdb
d:\новая папка\оаип\vs2013\consoleapplication3\consoleapplication3\debug\consolea.39c28bdf.tlog\cl.command.1.tlog
d:\новая папка\оаип\vs2013\consoleapplication3\consoleapplication3\debug\consolea.39c28bdf.tlog\cl.read.1.tlog
d:\новая папка\оаип\vs2013\consoleapplication3\consoleapplication3\debug\consolea.39c28bdf.tlog\cl.write.1.tlog
d:\новая папка\оаип\vs2013\consoleapplication3\consoleapplication3\debug\consolea.39c28bdf.tlog\link.command.1.tlog
d:\новая папка\оаип\vs2013\consoleapplication3\consoleapplication3\debug\consolea.39c28bdf.tlog\link.read.1.tlog
d:\новая папка\оаип\vs2013\consoleapplication3\consoleapplication3\debug\consolea.39c28bdf.tlog\link.write.1.tlog
