Build started 30.05.2016 11:01:00.
     1>Project "C:\Users\Дарья\Desktop\Учеба\1 курс\2 семестр\курсач\ConsoleApplication3\ConsoleApplication3\ConsoleApplication3.vcxproj" on node 2 (Build target(s)).
     1>ClCompile:
         C:\Program Files (x86)\Microsoft Visual Studio 12.0\VC\bin\CL.exe /c /ZI /nologo /W3 /WX- /Od /Oy- /D WIN32 /D _DEBUG /D _CONSOLE /D _LIB /D _UNICODE /D UNICODE /Gm /EHsc /RTC1 /MDd /GS /fp:precise /Zc:wchar_t /Zc:forScope /Fo"Debug\\" /Fd"Debug\vc120.pdb" /Gd /TP /analyze- /errorReport:prompt Cancel_last_action.cpp main.cpp
         Cancel_last_action.cpp
         Generating Code...
         Compiling...
         main.cpp
     1>c:\users\дарья\desktop\учеба\1 курс\2 семестр\курсач\consoleapplication3\consoleapplication3\keyboard.h(22): warning C4101: 'num' : unreferenced local variable
     1>c:\users\дарья\desktop\учеба\1 курс\2 семестр\курсач\consoleapplication3\consoleapplication3\keyboard.h(103): warning C4800: 'SHORT' : forcing value to bool 'true' or 'false' (performance warning)
     1>c:\users\дарья\desktop\учеба\1 курс\2 семестр\курсач\consoleapplication3\consoleapplication3\keyboard.h(154): warning C4800: 'SHORT' : forcing value to bool 'true' or 'false' (performance warning)
     1>c:\users\дарья\desktop\учеба\1 курс\2 семестр\курсач\consoleapplication3\consoleapplication3\keyboard.h(172): warning C4800: 'SHORT' : forcing value to bool 'true' or 'false' (performance warning)
     1>c:\users\дарья\desktop\учеба\1 курс\2 семестр\курсач\consoleapplication3\consoleapplication3\keyboard.h(208): warning C4800: 'SHORT' : forcing value to bool 'true' or 'false' (performance warning)
     1>c:\users\дарья\desktop\учеба\1 курс\2 семестр\курсач\consoleapplication3\consoleapplication3\keyboard.h(226): warning C4800: 'SHORT' : forcing value to bool 'true' or 'false' (performance warning)
     1>c:\users\дарья\desktop\учеба\1 курс\2 семестр\курсач\consoleapplication3\consoleapplication3\keyboard.h(246): warning C4800: 'SHORT' : forcing value to bool 'true' or 'false' (performance warning)
     1>c:\users\дарья\desktop\учеба\1 курс\2 семестр\курсач\consoleapplication3\consoleapplication3\keyboard.h(264): warning C4800: 'SHORT' : forcing value to bool 'true' or 'false' (performance warning)
     1>c:\users\дарья\desktop\учеба\1 курс\2 семестр\курсач\consoleapplication3\consoleapplication3\keyboard.h(403): warning C4800: 'SHORT' : forcing value to bool 'true' or 'false' (performance warning)
     1>c:\users\дарья\desktop\учеба\1 курс\2 семестр\курсач\consoleapplication3\consoleapplication3\keyboard.h(411): warning C4800: 'SHORT' : forcing value to bool 'true' or 'false' (performance warning)
     1>c:\users\дарья\desktop\учеба\1 курс\2 семестр\курсач\consoleapplication3\consoleapplication3\keyboard.h(421): warning C4800: 'SHORT' : forcing value to bool 'true' or 'false' (performance warning)
     1>c:\users\дарья\desktop\учеба\1 курс\2 семестр\курсач\consoleapplication3\consoleapplication3\keyboard.h(429): warning C4800: 'SHORT' : forcing value to bool 'true' or 'false' (performance warning)
     1>c:\users\дарья\desktop\учеба\1 курс\2 семестр\курсач\consoleapplication3\consoleapplication3\keyboard.h(439): warning C4800: 'SHORT' : forcing value to bool 'true' or 'false' (performance warning)
     1>c:\users\дарья\desktop\учеба\1 курс\2 семестр\курсач\consoleapplication3\consoleapplication3\keyboard.h(447): warning C4800: 'SHORT' : forcing value to bool 'true' or 'false' (performance warning)
     1>c:\users\дарья\desktop\учеба\1 курс\2 семестр\курсач\consoleapplication3\consoleapplication3\keyboard.h(457): warning C4800: 'SHORT' : forcing value to bool 'true' or 'false' (performance warning)
     1>c:\users\дарья\desktop\учеба\1 курс\2 семестр\курсач\consoleapplication3\consoleapplication3\keyboard.h(466): warning C4800: 'SHORT' : forcing value to bool 'true' or 'false' (performance warning)
     1>c:\users\дарья\desktop\учеба\1 курс\2 семестр\курсач\consoleapplication3\consoleapplication3\keyboard.h(476): warning C4800: 'SHORT' : forcing value to bool 'true' or 'false' (performance warning)
     1>c:\users\дарья\desktop\учеба\1 курс\2 семестр\курсач\consoleapplication3\consoleapplication3\keyboard.h(484): warning C4800: 'SHORT' : forcing value to bool 'true' or 'false' (performance warning)
     1>c:\users\дарья\desktop\учеба\1 курс\2 семестр\курсач\consoleapplication3\consoleapplication3\keyboard.h(494): warning C4800: 'SHORT' : forcing value to bool 'true' or 'false' (performance warning)
     1>c:\users\дарья\desktop\учеба\1 курс\2 семестр\курсач\consoleapplication3\consoleapplication3\keyboard.h(502): warning C4800: 'SHORT' : forcing value to bool 'true' or 'false' (performance warning)
     1>c:\users\дарья\desktop\учеба\1 курс\2 семестр\курсач\consoleapplication3\consoleapplication3\keyboard.h(512): warning C4800: 'SHORT' : forcing value to bool 'true' or 'false' (performance warning)
     1>c:\users\дарья\desktop\учеба\1 курс\2 семестр\курсач\consoleapplication3\consoleapplication3\keyboard.h(520): warning C4800: 'SHORT' : forcing value to bool 'true' or 'false' (performance warning)
     1>c:\users\дарья\desktop\учеба\1 курс\2 семестр\курсач\consoleapplication3\consoleapplication3\keyboard.h(530): warning C4800: 'SHORT' : forcing value to bool 'true' or 'false' (performance warning)
     1>c:\users\дарья\desktop\учеба\1 курс\2 семестр\курсач\consoleapplication3\consoleapplication3\keyboard.h(538): warning C4800: 'SHORT' : forcing value to bool 'true' or 'false' (performance warning)
     1>c:\users\дарья\desktop\учеба\1 курс\2 семестр\курсач\consoleapplication3\consoleapplication3\keyboard.h(548): warning C4800: 'SHORT' : forcing value to bool 'true' or 'false' (performance warning)
     1>c:\users\дарья\desktop\учеба\1 курс\2 семестр\курсач\consoleapplication3\consoleapplication3\keyboard.h(556): warning C4800: 'SHORT' : forcing value to bool 'true' or 'false' (performance warning)
     1>c:\users\дарья\desktop\учеба\1 курс\2 семестр\курсач\consoleapplication3\consoleapplication3\keyboard.h(567): warning C4800: 'SHORT' : forcing value to bool 'true' or 'false' (performance warning)
     1>c:\users\дарья\desktop\учеба\1 курс\2 семестр\курсач\consoleapplication3\consoleapplication3\keyboard.h(575): warning C4800: 'SHORT' : forcing value to bool 'true' or 'false' (performance warning)
     1>c:\users\дарья\desktop\учеба\1 курс\2 семестр\курсач\consoleapplication3\consoleapplication3\keyboard.h(585): warning C4800: 'SHORT' : forcing value to bool 'true' or 'false' (performance warning)
     1>c:\users\дарья\desktop\учеба\1 курс\2 семестр\курсач\consoleapplication3\consoleapplication3\keyboard.h(593): warning C4800: 'SHORT' : forcing value to bool 'true' or 'false' (performance warning)
     1>c:\users\дарья\desktop\учеба\1 курс\2 семестр\курсач\consoleapplication3\consoleapplication3\keyboard.h(603): warning C4800: 'SHORT' : forcing value to bool 'true' or 'false' (performance warning)
     1>c:\users\дарья\desktop\учеба\1 курс\2 семестр\курсач\consoleapplication3\consoleapplication3\keyboard.h(611): warning C4800: 'SHORT' : forcing value to bool 'true' or 'false' (performance warning)
     1>c:\users\дарья\desktop\учеба\1 курс\2 семестр\курсач\consoleapplication3\consoleapplication3\keyboard.h(621): warning C4800: 'SHORT' : forcing value to bool 'true' or 'false' (performance warning)
     1>c:\users\дарья\desktop\учеба\1 курс\2 семестр\курсач\consoleapplication3\consoleapplication3\keyboard.h(629): warning C4800: 'SHORT' : forcing value to bool 'true' or 'false' (performance warning)
     1>c:\users\дарья\desktop\учеба\1 курс\2 семестр\курсач\consoleapplication3\consoleapplication3\keyboard.h(639): warning C4800: 'SHORT' : forcing value to bool 'true' or 'false' (performance warning)
     1>c:\users\дарья\desktop\учеба\1 курс\2 семестр\курсач\consoleapplication3\consoleapplication3\keyboard.h(647): warning C4800: 'SHORT' : forcing value to bool 'true' or 'false' (performance warning)
     1>c:\users\дарья\desktop\учеба\1 курс\2 семестр\курсач\consoleapplication3\consoleapplication3\keyboard.h(657): warning C4800: 'SHORT' : forcing value to bool 'true' or 'false' (performance warning)
     1>c:\users\дарья\desktop\учеба\1 курс\2 семестр\курсач\consoleapplication3\consoleapplication3\keyboard.h(665): warning C4800: 'SHORT' : forcing value to bool 'true' or 'false' (performance warning)
     1>c:\users\дарья\desktop\учеба\1 курс\2 семестр\курсач\consoleapplication3\consoleapplication3\keyboard.h(675): warning C4800: 'SHORT' : forcing value to bool 'true' or 'false' (performance warning)
     1>c:\users\дарья\desktop\учеба\1 курс\2 семестр\курсач\consoleapplication3\consoleapplication3\keyboard.h(683): warning C4800: 'SHORT' : forcing value to bool 'true' or 'false' (performance warning)
     1>c:\users\дарья\desktop\учеба\1 курс\2 семестр\курсач\consoleapplication3\consoleapplication3\keyboard.h(693): warning C4800: 'SHORT' : forcing value to bool 'true' or 'false' (performance warning)
     1>c:\users\дарья\desktop\учеба\1 курс\2 семестр\курсач\consoleapplication3\consoleapplication3\keyboard.h(701): warning C4800: 'SHORT' : forcing value to bool 'true' or 'false' (performance warning)
     1>c:\users\дарья\desktop\учеба\1 курс\2 семестр\курсач\consoleapplication3\consoleapplication3\keyboard.h(711): warning C4800: 'SHORT' : forcing value to bool 'true' or 'false' (performance warning)
     1>c:\users\дарья\desktop\учеба\1 курс\2 семестр\курсач\consoleapplication3\consoleapplication3\keyboard.h(719): warning C4800: 'SHORT' : forcing value to bool 'true' or 'false' (performance warning)
     1>c:\users\дарья\desktop\учеба\1 курс\2 семестр\курсач\consoleapplication3\consoleapplication3\keyboard.h(729): warning C4800: 'SHORT' : forcing value to bool 'true' or 'false' (performance warning)
     1>c:\users\дарья\desktop\учеба\1 курс\2 семестр\курсач\consoleapplication3\consoleapplication3\keyboard.h(737): warning C4800: 'SHORT' : forcing value to bool 'true' or 'false' (performance warning)
     1>c:\users\дарья\desktop\учеба\1 курс\2 семестр\курсач\consoleapplication3\consoleapplication3\keyboard.h(747): warning C4800: 'SHORT' : forcing value to bool 'true' or 'false' (performance warning)
     1>c:\users\дарья\desktop\учеба\1 курс\2 семестр\курсач\consoleapplication3\consoleapplication3\keyboard.h(755): warning C4800: 'SHORT' : forcing value to bool 'true' or 'false' (performance warning)
     1>c:\users\дарья\desktop\учеба\1 курс\2 семестр\курсач\consoleapplication3\consoleapplication3\keyboard.h(765): warning C4800: 'SHORT' : forcing value to bool 'true' or 'false' (performance warning)
     1>c:\users\дарья\desktop\учеба\1 курс\2 семестр\курсач\consoleapplication3\consoleapplication3\keyboard.h(773): warning C4800: 'SHORT' : forcing value to bool 'true' or 'false' (performance warning)
     1>c:\users\дарья\desktop\учеба\1 курс\2 семестр\курсач\consoleapplication3\consoleapplication3\keyboard.h(783): warning C4800: 'SHORT' : forcing value to bool 'true' or 'false' (performance warning)
     1>c:\users\дарья\desktop\учеба\1 курс\2 семестр\курсач\consoleapplication3\consoleapplication3\keyboard.h(791): warning C4800: 'SHORT' : forcing value to bool 'true' or 'false' (performance warning)
     1>c:\users\дарья\desktop\учеба\1 курс\2 семестр\курсач\consoleapplication3\consoleapplication3\keyboard.h(801): warning C4800: 'SHORT' : forcing value to bool 'true' or 'false' (performance warning)
     1>c:\users\дарья\desktop\учеба\1 курс\2 семестр\курсач\consoleapplication3\consoleapplication3\keyboard.h(809): warning C4800: 'SHORT' : forcing value to bool 'true' or 'false' (performance warning)
     1>c:\users\дарья\desktop\учеба\1 курс\2 семестр\курсач\consoleapplication3\consoleapplication3\keyboard.h(819): warning C4800: 'SHORT' : forcing value to bool 'true' or 'false' (performance warning)
     1>c:\users\дарья\desktop\учеба\1 курс\2 семестр\курсач\consoleapplication3\consoleapplication3\keyboard.h(827): warning C4800: 'SHORT' : forcing value to bool 'true' or 'false' (performance warning)
     1>c:\users\дарья\desktop\учеба\1 курс\2 семестр\курсач\consoleapplication3\consoleapplication3\keyboard.h(837): warning C4800: 'SHORT' : forcing value to bool 'true' or 'false' (performance warning)
     1>c:\users\дарья\desktop\учеба\1 курс\2 семестр\курсач\consoleapplication3\consoleapplication3\keyboard.h(845): warning C4800: 'SHORT' : forcing value to bool 'true' or 'false' (performance warning)
     1>c:\users\дарья\desktop\учеба\1 курс\2 семестр\курсач\consoleapplication3\consoleapplication3\keyboard.h(855): warning C4800: 'SHORT' : forcing value to bool 'true' or 'false' (performance warning)
     1>c:\users\дарья\desktop\учеба\1 курс\2 семестр\курсач\consoleapplication3\consoleapplication3\keyboard.h(863): warning C4800: 'SHORT' : forcing value to bool 'true' or 'false' (performance warning)
     1>c:\users\дарья\desktop\учеба\1 курс\2 семестр\курсач\consoleapplication3\consoleapplication3\keyboard.h(894): warning C4800: 'BOOL' : forcing value to bool 'true' or 'false' (performance warning)
     1>c:\users\дарья\desktop\учеба\1 курс\2 семестр\курсач\consoleapplication3\consoleapplication3\main.cpp(53): warning C4101: 'c' : unreferenced local variable
         Generating Code...
       Link:
         C:\Program Files (x86)\Microsoft Visual Studio 12.0\VC\bin\link.exe /ERRORREPORT:PROMPT /OUT:"C:\Users\Дарья\Desktop\Учеба\1 курс\2 семестр\курсач\ConsoleApplication3\Debug\ConsoleApplication3.exe" /INCREMENTAL /NOLOGO kernel32.lib user32.lib gdi32.lib winspool.lib comdlg32.lib advapi32.lib shell32.lib ole32.lib oleaut32.lib uuid.lib odbc32.lib odbccp32.lib /MANIFEST /MANIFESTUAC:"level='asInvoker' uiAccess='false'" /manifest:embed /DEBUG /PDB:"C:\Users\Дарья\Desktop\Учеба\1 курс\2 семестр\курсач\ConsoleApplication3\Debug\ConsoleApplication3.pdb" /SUBSYSTEM:CONSOLE /TLBID:1 /DYNAMICBASE /NXCOMPAT /IMPLIB:"C:\Users\Дарья\Desktop\Учеба\1 курс\2 семестр\курсач\ConsoleApplication3\Debug\ConsoleApplication3.lib" /MACHINE:X86 Debug\Cancel_last_action.obj
         Debug\Claf.obj
         Debug\Data_list.obj
         Debug\Derived_exception.obj
         Debug\main.obj
         Debug\My_Exception.obj
         Debug\stdafx.obj
         Debug\symbol.obj
         Debug\tree_container.obj
         ConsoleApplication3.vcxproj -> C:\Users\Дарья\Desktop\Учеба\1 курс\2 семестр\курсач\ConsoleApplication3\Debug\ConsoleApplication3.exe
     1>Done Building Project "C:\Users\Дарья\Desktop\Учеба\1 курс\2 семестр\курсач\ConsoleApplication3\ConsoleApplication3\ConsoleApplication3.vcxproj" (Build target(s)).

Build succeeded.

Time Elapsed 00:00:20.64
